<?xml version="1.0" encoding="UTF-8"?>
<!-- Generated by org.testng.reporters.JUnitReportReporter -->
<testsuite skipped="0" hostname="Windows10Ent" name="seleniumlabs.webelements.MercuryTours" tests="1" failures="0" timestamp="31 Oct 2018 19:45:31 GMT" time="17.263" errors="0">
  <testcase name="bookFlight" time="17.263" classname="seleniumlabs.webelements.MercuryTours"/>
</testsuite> <!-- seleniumlabs.webelements.MercuryTours -->
