<?xml version="1.0" encoding="UTF-8"?>
<!-- Generated by org.testng.reporters.JUnitReportReporter -->
<testsuite skipped="0" hostname="Windows10Ent" name="seleniumlabs.webelements.PageLinksTest" tests="1" failures="0" timestamp="31 Oct 2018 19:09:09 GMT" time="16.296" errors="0">
  <testcase name="checkLinks" time="16.296" classname="seleniumlabs.webelements.PageLinksTest"/>
</testsuite> <!-- seleniumlabs.webelements.PageLinksTest -->
